#
# There is insufficient memory for the Java Runtime Environment to continue.
# Native memory allocation (malloc) failed to allocate 1048576 bytes for AllocateHeap
# Possible reasons:
#   The system is out of physical RAM or swap space
#   The process is running with CompressedOops enabled, and the Java Heap may be blocking the growth of the native heap
# Possible solutions:
#   Reduce memory load on the system
#   Increase physical memory or swap space
#   Check if swap backing store is full
#   Decrease Java heap size (-Xmx/-Xms)
#   Decrease number of Java threads
#   Decrease Java thread stack sizes (-Xss)
#   Set larger code cache with -XX:ReservedCodeCacheSize=
#   JVM is running with Unscaled Compressed Oops mode in which the Java heap is
#     placed in the first 4GB address space. The Java Heap base address is the
#     maximum limit for the native heap growth. Please use -XX:HeapBaseMinAddress
#     to set the Java Heap base and to place the Java Heap above 4GB virtual address.
# This output file may be truncated or incomplete.
#
#  Out of Memory Error (memory/allocation.inline.hpp:61), pid=10684, tid=0x0000000000001e78
#
# JRE version:  (8.0_202-b08) (build )
# Java VM: Java HotSpot(TM) 64-Bit Server VM (25.202-b08 mixed mode windows-amd64 compressed oops)
# Failed to write core dump. Minidumps are not enabled by default on client versions of Windows
#

---------------  T H R E A D  ---------------

Current thread (0x0000000002b6e000):  JavaThread "Unknown thread" [_thread_in_vm, id=7800, stack(0x00000000029c0000,0x0000000002ac0000)]

Stack: [0x00000000029c0000,0x0000000002ac0000]
[error occurred during error reporting (printing stack bounds), id 0xc0000005]

Native frames: (J=compiled Java code, j=interpreted, Vv=VM code, C=native code)


---------------  P R O C E S S  ---------------

Java Threads: ( => current thread )

Other Threads:

=>0x0000000002b6e000 (exited) JavaThread "Unknown thread" [_thread_in_vm, id=7800, stack(0x00000000029c0000,0x0000000002ac0000)]

VM state:not at safepoint (normal execution)

VM Mutex/Monitor currently owned by a thread: None

heap address: 0x0000000082200000, size: 2014 MB, Compressed Oops mode: 32-bit
Narrow klass base: 0x0000000000000000, Narrow klass shift: 3
Compressed class space size: 1073741824 Address: 0x0000000100000000

Heap:
 PSYoungGen      total 37888K, used 655K [0x00000000d6100000, 0x00000000d8b00000, 0x0000000100000000)
  eden space 32768K, 2% used [0x00000000d6100000,0x00000000d61a3d80,0x00000000d8100000)
  from space 5120K, 0% used [0x00000000d8600000,0x00000000d8600000,0x00000000d8b00000)
  to   space 5120K, 0% used [0x00000000d8100000,0x00000000d8100000,0x00000000d8600000)
 ParOldGen       total 86016K, used 0K [0x0000000082200000, 0x0000000087600000, 0x00000000d6100000)
  object space 86016K, 0% used [0x0000000082200000,0x0000000082200000,0x0000000087600000)
 Metaspace       used 786K, capacity 1156K, committed 1408K, reserved 1060864K
  class space    used 76K, capacity 384K, committed 384K, reserved 1048576K

Card table byte_map: [0x0000000012030000,0x0000000012420000] byte_map_base: 0x0000000011c1f000

Marking Bits: (ParMarkBitMap*) 0x0000000073015ce0
 Begin Bits: [0x0000000012ac0000, 0x0000000014a38000)
 End Bits:   [0x0000000014a38000, 0x00000000169b0000)

Polling page: 0x0000000000cd0000

CodeCache: size=245760Kb used=328Kb max_used=328Kb free=245431Kb
 bounds [0x0000000002c70000, 0x0000000002ee0000, 0x0000000011c70000]
 total_blobs=58 nmethods=0 adapters=38
 compilation: enabled

Compilation events (0 events):
No events

GC Heap History (0 events):
No events

Deoptimization events (0 events):
No events

Classes redefined (0 events):
No events

Internal exceptions (0 events):
No events

Events (10 events):
Event: 0.021 loading class java/lang/Short
Event: 0.021 loading class java/lang/Short done
Event: 0.021 loading class java/lang/Integer
Event: 0.021 loading class java/lang/Integer done
Event: 0.021 loading class java/lang/Long
Event: 0.021 loading class java/lang/Long done
Event: 0.021 loading class java/lang/NullPointerException
Event: 0.021 loading class java/lang/NullPointerException done
Event: 0.021 loading class java/lang/ArithmeticException
Event: 0.021 loading class java/lang/ArithmeticException done


Dynamic libraries:
0x00007ff766b70000 - 0x00007ff766ba7000 	E:\java\jdk1.8.0_202\jre\bin\java.exe
0x00007ffe7a790000 - 0x00007ffe7a985000 	C:\WINDOWS\SYSTEM32\ntdll.dll
0x00007ffe798c0000 - 0x00007ffe7997e000 	C:\WINDOWS\System32\KERNEL32.DLL
0x00007ffe77f10000 - 0x00007ffe781d9000 	C:\WINDOWS\System32\KERNELBASE.dll
0x00007ffe79170000 - 0x00007ffe7921c000 	C:\WINDOWS\System32\ADVAPI32.dll
0x00007ffe792c0000 - 0x00007ffe7935e000 	C:\WINDOWS\System32\msvcrt.dll
0x00007ffe78b20000 - 0x00007ffe78bbb000 	C:\WINDOWS\System32\sechost.dll
0x00007ffe7a180000 - 0x00007ffe7a2aa000 	C:\WINDOWS\System32\RPCRT4.dll
0x00007ffe78910000 - 0x00007ffe78ab1000 	C:\WINDOWS\System32\USER32.dll
0x00007ffe787b0000 - 0x00007ffe787d2000 	C:\WINDOWS\System32\win32u.dll
0x00007ffe79230000 - 0x00007ffe7925b000 	C:\WINDOWS\System32\GDI32.dll
0x00007ffe78550000 - 0x00007ffe7865b000 	C:\WINDOWS\System32\gdi32full.dll
0x00007ffe78270000 - 0x00007ffe7830d000 	C:\WINDOWS\System32\msvcp_win.dll
0x00007ffe78660000 - 0x00007ffe78760000 	C:\WINDOWS\System32\ucrtbase.dll
0x00007ffe638f0000 - 0x00007ffe63b8a000 	C:\WINDOWS\WinSxS\amd64_microsoft.windows.common-controls_6595b64144ccf1df_6.0.19041.1110_none_60b5254171f9507e\COMCTL32.dll
0x00007ffe79530000 - 0x00007ffe79560000 	C:\WINDOWS\System32\IMM32.DLL
0x0000000073800000 - 0x00000000738d2000 	E:\java\jdk1.8.0_202\jre\bin\msvcr100.dll
0x00000000727f0000 - 0x0000000073095000 	E:\java\jdk1.8.0_202\jre\bin\server\jvm.dll
0x00007ffe79980000 - 0x00007ffe79988000 	C:\WINDOWS\System32\PSAPI.DLL
0x00007ffe55d60000 - 0x00007ffe55d69000 	C:\WINDOWS\SYSTEM32\WSOCK32.dll
0x00007ffe6c1e0000 - 0x00007ffe6c1ea000 	C:\WINDOWS\SYSTEM32\VERSION.dll
0x00007ffe61920000 - 0x00007ffe61947000 	C:\WINDOWS\SYSTEM32\WINMM.dll
0x00007ffe79360000 - 0x00007ffe793cb000 	C:\WINDOWS\System32\WS2_32.dll
0x00007ffe5fe30000 - 0x00007ffe5fe3f000 	E:\java\jdk1.8.0_202\jre\bin\verify.dll
0x00007ffe5a100000 - 0x00007ffe5a129000 	E:\java\jdk1.8.0_202\jre\bin\java.dll
0x00007ffe5fd00000 - 0x00007ffe5fd16000 	E:\java\jdk1.8.0_202\jre\bin\zip.dll

VM Arguments:
java_command: E:\intelliJ\IntelliJ-workspace\crmfinaly\target\surefire\surefirebooter603648012690020648.jar E:\intelliJ\IntelliJ-workspace\crmfinaly\target\surefire\surefire6077875614874313515tmp E:\intelliJ\IntelliJ-workspace\crmfinaly\target\surefire\surefire_06647200318141649430tmp
java_class_path (initial): E:\intelliJ\IntelliJ-workspace\crmfinaly\target\surefire\surefirebooter603648012690020648.jar
Launcher Type: SUN_STANDARD

Environment Variables:
JAVA_HOME=E:\java\jdk1.8.0_202
CLASSPATH=.;E:\java\jdk1.8.0_202\lib\;E:\tomcat\apache-tomcat-9.0.20\lib;
PATH=C:\Windows\system32;C:\Windows;C:\Windows\System32\Wbem;C:\Windows\System32\WindowsPowerShell\v1.0\;C:\WINDOWS\system32;C:\WINDOWS;C:\WINDOWS\System32\Wbem;C:\WINDOWS\System32\WindowsPowerShell\v1.0\;C:\WINDOWS\System32\OpenSSH\;C:\Program Files (x86)\NVIDIA Corporation\PhysX\Common;C:\Program Files (x86)\Intel\Intel(R) Management Engine Components\DAL;F:\Program Files\Intel\Intel(R) Management Engine Components\DAL;C:\Program Files\Intel\WiFi\bin\;C:\Program Files\Common Files\Intel\WirelessCommon\;E:\mysql\mysql-5.7.32-win32\bin;F:\Program Files\NVIDIA Corporation\NVIDIA NvDLISR;C:\WINDOWS\system32;C:\WINDOWS;C:\WINDOWS\System32\Wbem;C:\WINDOWS\System32\WindowsPowerShell\v1.0\;C:\WINDOWS\System32\OpenSSH\;E:\java\jdk1.8.0_202\bin;E:\java\jdk1.8.0_202\jre\bin;E:\java\maven\apache-maven-3.3.9\bin;E:\git\Git\cmd;C:\Users\木木夕\AppData\Local\Microsoft\WindowsApps;F:\bandizip\;C:\Program Files\Intel\WiFi\bin\;C:\Program Files\Common Files\Intel\WirelessCommon\;;E:\intelliJ\IntelliJ IDEA 2020.1.1\bin;
USERNAME=木木夕
OS=Windows_NT
PROCESSOR_IDENTIFIER=Intel64 Family 6 Model 158 Stepping 9, GenuineIntel



---------------  S Y S T E M  ---------------

OS: Windows 10.0 , 64 bit Build 19041 (10.0.19041.1202)

CPU:total 4 (initial active 4) (4 cores per cpu, 1 threads per core) family 6 model 158 stepping 9, cmov, cx8, fxsr, mmx, sse, sse2, sse3, ssse3, sse4.1, sse4.2, popcnt, avx, avx2, aes, clmul, erms, 3dnowpref, lzcnt, tsc, tscinvbit, bmi1, bmi2, adx

Memory: 4k page, physical 8247448k(513816k free), swap 22001300k(5740k free)

vm_info: Java HotSpot(TM) 64-Bit Server VM (25.202-b08) for windows-amd64 JRE (1.8.0_202-b08), built on Dec 15 2018 19:54:30 by "java_re" with MS VC++ 10.0 (VS2010)

time: Sat Sep 18 01:43:49 2021
timezone: 中国标准时间
elapsed time: 0 seconds (0d 0h 0m 0s)

